<?xml version="1.0" encoding="UTF-8"?>
<!-- Generated by org.testng.reporters.JUnitXMLReporter -->
<testsuite ignored="0" hostname="LAPTOP-1I0UICJP" failures="1" tests="1" name="Default test(failed)" time="0.043" errors="0" timestamp="2022-08-13T14:13:57 PDT">
  <testcase classname="com.qa.testngdemo.Parameterization" name="param_Testing" time="0.0">
    <failure type="org.testng.TestNGException" message="
Parameter &amp;apos;val1&amp;apos; is required by @Test on method param_Testing but has not been marked @Optional or defined
in C:\Users\vedas\eclipse-workspace\August 2022\ApexDemo\test-output\testng-failed.xml">
      <![CDATA[org.testng.TestNGException: 
Parameter 'val1' is required by @Test on method param_Testing but has not been marked @Optional or defined
in C:\Users\vedas\eclipse-workspace\August 2022\ApexDemo\test-output\testng-failed.xml
at java.base/java.util.ArrayList.forEach(ArrayList.java:1511)
... Removed 26 stack frames]]>
    </failure>
  </testcase> <!-- param_Testing -->
</testsuite> <!-- Default test(failed) -->
